<?xml version="1.0" encoding="UTF-8"?>
<!-- Generated by org.testng.reporters.JUnitReportReporter -->
<testsuite hostname="DESKTOP-ELERBRS" failures="0" tests="1" name="TestPackage.Calculator" time="5.642" errors="0" timestamp="2021-05-28T20:37:20 IST" skipped="0">
  <testcase classname="TestPackage.Calculator" name="Addition" time="5.642"/>
  <system-out/>
</testsuite> <!-- TestPackage.Calculator -->
